# JRE version: OpenJDK Runtime Environment (8.0_242-b01) (build 1.8.0_242-release-1644-b01)
# Java VM: OpenJDK 64-Bit Server VM (25.242-b01 mixed mode windows-amd64 compressed oops)
Heap:
 PSYoungGen      total 210432K, used 78467K [0x00000000d5580000, 0x00000000e5b80000, 0x0000000100000000)
  eden space 190464K, 32% used [0x00000000d5580000,0x00000000d9248628,0x00000000e0f80000)
  from space 19968K, 81% used [0x00000000e0f80000,0x00000000e1f58840,0x00000000e2300000)
  to   space 20992K, 0% used [0x00000000e4700000,0x00000000e4700000,0x00000000e5b80000)
 ParOldGen       total 222208K, used 35807K [0x0000000080000000, 0x000000008d900000, 0x00000000d5580000)
  object space 222208K, 16% used [0x0000000080000000,0x00000000822f7d28,0x000000008d900000)
 Metaspace       used 65403K, capacity 68466K, committed 68760K, reserved 1107968K
  class space    used 8995K, capacity 9599K, committed 9648K, reserved 1048576K
GC Heap History (10 events):
Event: 6.237 GC heap before
{Heap before GC invocations=10 (full 2):
 PSYoungGen      total 122368K, used 110592K [0x00000000d5580000, 0x00000000e2780000, 0x0000000100000000)
  eden space 110592K, 100% used [0x00000000d5580000,0x00000000dc180000,0x00000000dc180000)
  from space 11776K, 0% used [0x00000000dc180000,0x00000000dc180000,0x00000000dcd00000)
  to   space 11776K, 0% used [0x00000000e1c00000,0x00000000e1c00000,0x00000000e2780000)
 ParOldGen       total 144896K, used 14559K [0x0000000080000000, 0x0000000088d80000, 0x00000000d5580000)
  object space 144896K, 10% used [0x0000000080000000,0x0000000080e37ea0,0x0000000088d80000)
 Metaspace       used 38065K, capacity 39658K, committed 39976K, reserved 1083392K
  class space    used 5242K, capacity 5569K, committed 5680K, reserved 1048576K
Event: 6.244 GC heap after
Heap after GC invocations=10 (full 2):
 PSYoungGen      total 164864K, used 8392K [0x00000000d5580000, 0x00000000e2480000, 0x0000000100000000)
  eden space 156160K, 0% used [0x00000000d5580000,0x00000000d5580000,0x00000000dee00000)
  from space 8704K, 96% used [0x00000000e1c00000,0x00000000e2432358,0x00000000e2480000)
  to   space 11264K, 0% used [0x00000000e0e80000,0x00000000e0e80000,0x00000000e1980000)
 ParOldGen       total 144896K, used 14567K [0x0000000080000000, 0x0000000088d80000, 0x00000000d5580000)
  object space 144896K, 10% used [0x0000000080000000,0x0000000080e39ea0,0x0000000088d80000)
 Metaspace       used 38065K, capacity 39658K, committed 39976K, reserved 1083392K
  class space    used 5242K, capacity 5569K, committed 5680K, reserved 1048576K
}
Event: 8.098 GC heap before
{Heap before GC invocations=11 (full 2):
 PSYoungGen      total 164864K, used 164552K [0x00000000d5580000, 0x00000000e2480000, 0x0000000100000000)
  eden space 156160K, 100% used [0x00000000d5580000,0x00000000dee00000,0x00000000dee00000)
  from space 8704K, 96% used [0x00000000e1c00000,0x00000000e2432358,0x00000000e2480000)
  to   space 11264K, 0% used [0x00000000e0e80000,0x00000000e0e80000,0x00000000e1980000)
 ParOldGen       total 144896K, used 14567K [0x0000000080000000, 0x0000000088d80000, 0x00000000d5580000)
  object space 144896K, 10% used [0x0000000080000000,0x0000000080e39ea0,0x0000000088d80000)
 Metaspace       used 51830K, capacity 53884K, committed 54056K, reserved 1095680K
  class space    used 6942K, capacity 7351K, committed 7472K, reserved 1048576K
Event: 8.117 GC heap after
Heap after GC invocations=11 (full 2):
 PSYoungGen      total 200704K, used 11252K [0x00000000d5580000, 0x00000000e3400000, 0x0000000100000000)
  eden space 189440K, 0% used [0x00000000d5580000,0x00000000d5580000,0x00000000e0e80000)
  from space 11264K, 99% used [0x00000000e0e80000,0x00000000e197d300,0x00000000e1980000)
  to   space 17408K, 0% used [0x00000000e2300000,0x00000000e2300000,0x00000000e3400000)
 ParOldGen       total 144896K, used 27485K [0x0000000080000000, 0x0000000088d80000, 0x00000000d5580000)
  object space 144896K, 18% used [0x0000000080000000,0x0000000081ad7728,0x0000000088d80000)
 Metaspace       used 51830K, capacity 53884K, committed 54056K, reserved 1095680K
  class space    used 6942K, capacity 7351K, committed 7472K, reserved 1048576K
}
Event: 8.980 GC heap before
{Heap before GC invocations=12 (full 2):
 PSYoungGen      total 200704K, used 97731K [0x00000000d5580000, 0x00000000e3400000, 0x0000000100000000)
  eden space 189440K, 45% used [0x00000000d5580000,0x00000000da9f3b90,0x00000000e0e80000)
  from space 11264K, 99% used [0x00000000e0e80000,0x00000000e197d300,0x00000000e1980000)
  to   space 17408K, 0% used [0x00000000e2300000,0x00000000e2300000,0x00000000e3400000)
 ParOldGen       total 144896K, used 27485K [0x0000000080000000, 0x0000000088d80000, 0x00000000d5580000)
  object space 144896K, 18% used [0x0000000080000000,0x0000000081ad7728,0x0000000088d80000)
 Metaspace       used 56813K, capacity 59116K, committed 59160K, reserved 1099776K
  class space    used 7775K, capacity 8230K, committed 8240K, reserved 1048576K
Event: 9.005 GC heap after
Heap after GC invocations=12 (full 2):
 PSYoungGen      total 207872K, used 17399K [0x00000000d5580000, 0x00000000e6680000, 0x0000000100000000)
  eden space 190464K, 0% used [0x00000000d5580000,0x00000000d5580000,0x00000000e0f80000)
  from space 17408K, 99% used [0x00000000e2300000,0x00000000e33fdf48,0x00000000e3400000)
  to   space 19968K, 0% used [0x00000000e0f80000,0x00000000e0f80000,0x00000000e2300000)
 ParOldGen       total 144896K, used 29984K [0x0000000080000000, 0x0000000088d80000, 0x00000000d5580000)
  object space 144896K, 20% used [0x0000000080000000,0x0000000081d48270,0x0000000088d80000)
 Metaspace       used 56813K, capacity 59116K, committed 59160K, reserved 1099776K
  class space    used 7775K, capacity 8230K, committed 8240K, reserved 1048576K
}
Event: 9.005 GC heap before
{Heap before GC invocations=13 (full 3):
 PSYoungGen      total 207872K, used 17399K [0x00000000d5580000, 0x00000000e6680000, 0x0000000100000000)
  eden space 190464K, 0% used [0x00000000d5580000,0x00000000d5580000,0x00000000e0f80000)
  from space 17408K, 99% used [0x00000000e2300000,0x00000000e33fdf48,0x00000000e3400000)
  to   space 19968K, 0% used [0x00000000e0f80000,0x00000000e0f80000,0x00000000e2300000)
 ParOldGen       total 144896K, used 29984K [0x0000000080000000, 0x0000000088d80000, 0x00000000d5580000)
  object space 144896K, 20% used [0x0000000080000000,0x0000000081d48270,0x0000000088d80000)
 Metaspace       used 56813K, capacity 59116K, committed 59160K, reserved 1099776K
  class space    used 7775K, capacity 8230K, committed 8240K, reserved 1048576K
Event: 9.218 GC heap after
Heap after GC invocations=13 (full 3):
 PSYoungGen      total 207872K, used 0K [0x00000000d5580000, 0x00000000e6680000, 0x0000000100000000)
  eden space 190464K, 0% used [0x00000000d5580000,0x00000000d5580000,0x00000000e0f80000)
  from space 17408K, 0% used [0x00000000e2300000,0x00000000e2300000,0x00000000e3400000)
  to   space 19968K, 0% used [0x00000000e0f80000,0x00000000e0f80000,0x00000000e2300000)
 ParOldGen       total 222208K, used 35799K [0x0000000080000000, 0x000000008d900000, 0x00000000d5580000)
  object space 222208K, 16% used [0x0000000080000000,0x00000000822f5d28,0x000000008d900000)
 Metaspace       used 56808K, capacity 59098K, committed 59160K, reserved 1099776K
  class space    used 7773K, capacity 8227K, committed 8240K, reserved 1048576K
}
Event: 11.783 GC heap before
{Heap before GC invocations=14 (full 3):
 PSYoungGen      total 207872K, used 190464K [0x00000000d5580000, 0x00000000e6680000, 0x0000000100000000)
  eden space 190464K, 100% used [0x00000000d5580000,0x00000000e0f80000,0x00000000e0f80000)
  from space 17408K, 0% used [0x00000000e2300000,0x00000000e2300000,0x00000000e3400000)
  to   space 19968K, 0% used [0x00000000e0f80000,0x00000000e0f80000,0x00000000e2300000)
 ParOldGen       total 222208K, used 35799K [0x0000000080000000, 0x000000008d900000, 0x00000000d5580000)
  object space 222208K, 16% used [0x0000000080000000,0x00000000822f5d28,0x000000008d900000)
 Metaspace       used 63872K, capacity 66768K, committed 66968K, reserved 1107968K
  class space    used 8806K, capacity 9382K, committed 9392K, reserved 1048576K
Event: 11.801 GC heap after
Heap after GC invocations=14 (full 3):
 PSYoungGen      total 210432K, used 16226K [0x00000000d5580000, 0x00000000e5b80000, 0x0000000100000000)
  eden space 190464K, 0% used [0x00000000d5580000,0x00000000d5580000,0x00000000e0f80000)
  from space 19968K, 81% used [0x00000000e0f80000,0x00000000e1f58840,0x00000000e2300000)
  to   space 20992K, 0% used [0x00000000e4700000,0x00000000e4700000,0x00000000e5b80000)
 ParOldGen       total 222208K, used 35807K [0x0000000080000000, 0x000000008d900000, 0x00000000d5580000)
  object space 222208K, 16% used [0x0000000080000000,0x00000000822f7d28,0x000000008d900000)
 Metaspace       used 63872K, capacity 66768K, committed 66968K, reserved 1107968K
  class space    used 8806K, capacity 9382K, committed 9392K, reserved 1048576K
}

